<?xml version="1.0" encoding="UTF-8"?>
<testng-results ignored="0" total="1" passed="0" failed="1" skipped="0">
  <reporter-output>
  </reporter-output>
  <suite started-at="2024-10-22T18:34:54 IST" name="Default suite" finished-at="2024-10-22T18:36:06 IST" duration-ms="72435">
    <groups>
      <group name="cucumber">
        <method signature="AbstractTestNGCucumberTests.runScenario(io.cucumber.testng.PickleWrapper,io.cucumber.testng.FeatureWrapper)[pri:0, instance:Runner.searchtest@5e600dd5]" name="runScenario" class="io.cucumber.testng.AbstractTestNGCucumberTests"/>
      </group> <!-- cucumber -->
    </groups>
    <test started-at="2024-10-22T18:34:54 IST" name="Default test" finished-at="2024-10-22T18:36:06 IST" duration-ms="72435">
      <class name="Runner.searchtest">
        <test-method is-config="true" signature="setUpClass(org.testng.ITestContext)[pri:0, instance:Runner.searchtest@5e600dd5]" started-at="2024-10-22T18:34:54 IST" name="setUpClass" finished-at="2024-10-22T18:34:55 IST" duration-ms="1340" status="PASS">
          <params>
            <param index="0">
              <value>
                <![CDATA[org.testng.TestRunner@39ab59f8]]>
              </value>
            </param>
          </params>
          <reporter-output>
          </reporter-output>
        </test-method> <!-- setUpClass -->
        <test-method signature="runScenario(io.cucumber.testng.PickleWrapper,io.cucumber.testng.FeatureWrapper)[pri:0, instance:Runner.searchtest@5e600dd5]" started-at="2024-10-22T18:34:55 IST" name="runScenario" description="Runs Cucumber Scenarios" data-provider="scenarios" finished-at="2024-10-22T18:35:49 IST" duration-ms="53739" status="FAIL">
          <params>
            <param index="0">
              <value>
                <![CDATA["User Launches Google and login"]]>
              </value>
            </param>
            <param index="1">
              <value>
                <![CDATA["User Login with valid"<username>" and "<password>""]]>
              </value>
            </param>
          </params>
          <exception class="java.lang.Error">
            <message>
              <![CDATA[Unresolved compilation problem: 
Syntax error on token "/", delete this token
]]>
            </message>
            <full-stacktrace>
              <![CDATA[java.lang.Error: Unresolved compilation problem: 
Syntax error on token "/", delete this token

at StepDef.Search.enter_search_criteria_sheetname_and_rownumber(Search.java:42)
at ✽.Enter Search Criteria sheetname 'data1' and rownumber 0(file:///C:/Users/Amith/eclipse-workspace/hjj/src/test/java/Feature/GoogleSearch.feature:3)
]]>
            </full-stacktrace>
          </exception> <!-- java.lang.Error -->
          <reporter-output>
          </reporter-output>
        </test-method> <!-- runScenario -->
        <test-method is-config="true" signature="tearDownClass()[pri:0, instance:Runner.searchtest@5e600dd5]" started-at="2024-10-22T18:36:03 IST" name="tearDownClass" finished-at="2024-10-22T18:36:04 IST" duration-ms="629" status="PASS">
          <reporter-output>
          </reporter-output>
        </test-method> <!-- tearDownClass -->
      </class> <!-- Runner.searchtest -->
    </test> <!-- Default test -->
  </suite> <!-- Default suite -->
</testng-results>
