<?xml version="1.0" encoding="UTF-8"?>
<!-- Generated by org.testng.reporters.JUnitReportReporter -->
<testsuite hostname="Amith-PC" failures="0" tests="1" name="Runner.searchtest" time="53.739" errors="1" timestamp="2024-10-22T18:36:20 IST" skipped="0">
  <testcase classname="Runner.searchtest" name="runScenario" time="53.739">
    <error message="Unresolved compilation problem: 
	Syntax error on token &quot;/&quot;, delete this token
" type="java.lang.Error">
      <![CDATA[java.lang.Error: Unresolved compilation problem: 
Syntax error on token "/", delete this token

at StepDef.Search.enter_search_criteria_sheetname_and_rownumber(Search.java:42)
at ✽.Enter Search Criteria sheetname 'data1' and rownumber 0(file:///C:/Users/Amith/eclipse-workspace/hjj/src/test/java/Feature/GoogleSearch.feature:3)
]]>
    </error>
  </testcase> <!-- runScenario -->
  <system-out/>
</testsuite> <!-- Runner.searchtest -->
