<?xml version="1.0" encoding="UTF-8"?>
<!-- Generated by org.testng.reporters.JUnitXMLReporter -->
<testsuite ignored="0" hostname="Amith-PC" failures="1" tests="1" name="Default test" time="72.435" errors="0" timestamp="2024-10-22T18:36:08 IST">
  <testcase classname="io.cucumber.testng.AbstractTestNGCucumberTests" name="runScenario" time="53.739">
    <failure type="java.lang.Error" message="Unresolved compilation problem: 
	Syntax error on token &amp;quot;/&amp;quot;, delete this token
">
      <![CDATA[java.lang.Error: Unresolved compilation problem: 
Syntax error on token "/", delete this token

at StepDef.Search.enter_search_criteria_sheetname_and_rownumber(Search.java:42)
at ✽.Enter Search Criteria sheetname 'data1' and rownumber 0(file:///C:/Users/Amith/eclipse-workspace/hjj/src/test/java/Feature/GoogleSearch.feature:3)
]]>
    </failure>
  </testcase> <!-- runScenario -->
</testsuite> <!-- Default test -->
